<?xml version="1.0" encoding="UTF-8"?>
<!-- Generated by org.testng.reporters.JUnitReportReporter -->
<testsuite hostname="LAPTOP-AFSAN" failures="0" tests="1" name="testPage.ReadPdfFile" time="2.842" errors="0" timestamp="22 May 2019 18:47:33 GMT" skipped="0">
  <testcase classname="testPage.ReadPdfFile" name="pdfRead" time="2.842"/>
</testsuite> <!-- testPage.ReadPdfFile -->
